Using pre-set license
Built from '2020.2/staging' branch; Version is '2020.2.6f1 (8a2143876886) revision 9052483'; Using compiler version '192528614'; Build Type 'Release'
OS: 'Windows 10 Pro; OS build 19041.630; Version 2004; 64bit' Language: 'en' Physical Memory: 16334 MB
BatchMode: 1, IsHumanControllingUs: 0, StartBugReporterOnCrash: 0, Is64bit: 1, IsPro: 0

 COMMAND LINE ARGUMENTS:
C:\Program Files\Unity\Hub\Editor\2020.2.6f1\Editor\Unity.exe
-adb2
-batchMode
-noUpm
-name
AssetImportWorker0
-projectPath
C:/Users/NIKHEIL/Documents/GADE_TASK_1_2021/GAD_TASK1_2021
-logFile
Logs/AssetImportWorker0.log
-srvPort
58374
Successfully changed project path to: C:/Users/NIKHEIL/Documents/GADE_TASK_1_2021/GAD_TASK1_2021
C:/Users/NIKHEIL/Documents/GADE_TASK_1_2021/GAD_TASK1_2021
Using Asset Import Pipeline V2.
Refreshing native plugins compatible for Editor in 32.03 ms, found 0 plugins.
Preloading 0 native plugins for Editor in 0.00 ms.
Initialize engine version: 2020.2.6f1 (8a2143876886)
[Subsystems] Discovering subsystems at path C:/Program Files/Unity/Hub/Editor/2020.2.6f1/Editor/Data/Resources/UnitySubsystems
[Subsystems] Discovering subsystems at path C:/Users/NIKHEIL/Documents/GADE_TASK_1_2021/GAD_TASK1_2021/Assets
GfxDevice: creating device client; threaded=0
Direct3D:
    Version:  Direct3D 11.0 [level 11.1]
    Renderer: NVIDIA GeForce GTX 1060 3GB (ID=0x1c02)
    Vendor:   
    VRAM:     2988 MB
    Driver:   27.21.14.6647
Initialize mono
Mono path[0] = 'C:/Program Files/Unity/Hub/Editor/2020.2.6f1/Editor/Data/Managed'
Mono path[1] = 'C:/Program Files/Unity/Hub/Editor/2020.2.6f1/Editor/Data/MonoBleedingEdge/lib/mono/unityjit'
Mono config path = 'C:/Program Files/Unity/Hub/Editor/2020.2.6f1/Editor/Data/MonoBleedingEdge/etc'
Using monoOptions --debugger-agent=transport=dt_socket,embedding=1,server=y,suspend=n,address=127.0.0.1:56276
Begin MonoManager ReloadAssembly
Registering precompiled unity dll's ...
Register platform support module: C:/Program Files/Unity/Hub/Editor/2020.2.6f1/Editor/Data/PlaybackEngines/WindowsStandaloneSupport/UnityEditor.WindowsStandalone.Extensions.dll
Registered in 0.004262 seconds.
Native extension for WindowsStandalone target not found
Refreshing native plugins compatible for Editor in 30.57 ms, found 0 plugins.
Preloading 0 native plugins for Editor in 0.00 ms.
Invoked RoslynAnalysisRunner static constructor.
RoslynAnalysisRunner will not be running.
RoslynAnalysisRunner has terminated.
Mono: successfully reloaded assembly
- Completed reload, in  2.660 seconds
Platform modules already initialized, skipping
Registering precompiled user dll's ...
Registered in 0.001333 seconds.
Begin MonoManager ReloadAssembly
Native extension for WindowsStandalone target not found
Refreshing native plugins compatible for Editor in 0.23 ms, found 0 plugins.
Preloading 0 native plugins for Editor in 0.00 ms.
Invoked RoslynAnalysisRunner static constructor.
RoslynAnalysisRunner will not be running.
RoslynAnalysisRunner has terminated.
Mono: successfully reloaded assembly
- Completed reload, in  1.071 seconds
Platform modules already initialized, skipping
========================================================================
Worker process is ready to serve import requests
Launched and connected shader compiler UnityShaderCompiler.exe after 0.12 seconds
Refreshing native plugins compatible for Editor in 0.57 ms, found 0 plugins.
Preloading 0 native plugins for Editor in 0.00 ms.
Unloading 1103 Unused Serialized files (Serialized files now loaded: 0)
System memory in use before: 56.6 MB.
System memory in use after: 56.6 MB.

Unloading 10 unused Assets to reduce memory usage. Loaded Objects now: 1544.
Total: 1.675200 ms (FindLiveObjects: 0.132200 ms CreateObjectMapping: 0.042500 ms MarkObjects: 1.420400 ms  DeleteObjects: 0.078900 ms)

========================================================================
Received Import Request.
  path: Assets
  artifactKey: Guid(00000000000000001000000000000000) Importer(815301076,1909f56bfc062723c751e8b465ee728b)
Start importing Assets using Guid(00000000000000001000000000000000) Importer(815301076,1909f56bfc062723c751e8b465ee728b)  -> (artifact id: 'f47cf443bddc682ac2de11ea429897ce') in 0.005944 seconds
  Import took 0.008544 seconds .

========================================================================
Received Import Request.
  Time since last request: 0.614965 seconds.
  path: Assets/scripts
  artifactKey: Guid(f7be832fe4165bd4585b3b1bd1f97c65) Importer(815301076,1909f56bfc062723c751e8b465ee728b)
Start importing Assets/scripts using Guid(f7be832fe4165bd4585b3b1bd1f97c65) Importer(815301076,1909f56bfc062723c751e8b465ee728b)  -> (artifact id: '0bf1a412c388ee0d611605a922affa11') in 0.003845 seconds
  Import took 0.006043 seconds .

========================================================================
Received Import Request.
  Time since last request: 20.763666 seconds.
  path: Assets/scripts/linknode.cs
  artifactKey: Guid(09bb92e2791c19649b921d372ac3bdb6) Importer(815301076,1909f56bfc062723c751e8b465ee728b)
Start importing Assets/scripts/linknode.cs using Guid(09bb92e2791c19649b921d372ac3bdb6) Importer(815301076,1909f56bfc062723c751e8b465ee728b)  -> (artifact id: 'fbd4afe03342a73abaceb1cacf088a39') in 0.131928 seconds
  Import took 0.134159 seconds .

========================================================================
Received Prepare
Registering precompiled user dll's ...
Registered in 0.002858 seconds.
Begin MonoManager ReloadAssembly
Native extension for WindowsStandalone target not found
Refreshing native plugins compatible for Editor in 0.23 ms, found 0 plugins.
Preloading 0 native plugins for Editor in 0.00 ms.
Invoked RoslynAnalysisRunner static constructor.
RoslynAnalysisRunner will not be running.
RoslynAnalysisRunner has terminated.
Mono: successfully reloaded assembly
- Completed reload, in  2.052 seconds
Platform modules already initialized, skipping
Refreshing native plugins compatible for Editor in 0.30 ms, found 0 plugins.
Preloading 0 native plugins for Editor in 0.00 ms.
Unloading 1099 Unused Serialized files (Serialized files now loaded: 0)
System memory in use before: 56.6 MB.
System memory in use after: 56.6 MB.

Unloading 5 unused Assets to reduce memory usage. Loaded Objects now: 1547.
Total: 2.190500 ms (FindLiveObjects: 0.297300 ms CreateObjectMapping: 0.115400 ms MarkObjects: 1.711100 ms  DeleteObjects: 0.064100 ms)

========================================================================
Received Import Request.
  Time since last request: 8366.440445 seconds.
  path: Assets/scripts/Linkedlist.cs
  artifactKey: Guid(9001ff6d7c5cc7145abe785631e90964) Importer(815301076,1909f56bfc062723c751e8b465ee728b)
Start importing Assets/scripts/Linkedlist.cs using Guid(9001ff6d7c5cc7145abe785631e90964) Importer(815301076,1909f56bfc062723c751e8b465ee728b)  -> (artifact id: '00f8e613c85e9d5692ad433375868b14') in 0.064672 seconds
  Import took 0.105822 seconds .

========================================================================
Received Prepare
Registering precompiled user dll's ...
Registered in 0.002375 seconds.
Begin MonoManager ReloadAssembly
Native extension for WindowsStandalone target not found
Refreshing native plugins compatible for Editor in 0.28 ms, found 0 plugins.
Preloading 0 native plugins for Editor in 0.00 ms.
Invoked RoslynAnalysisRunner static constructor.
RoslynAnalysisRunner will not be running.
RoslynAnalysisRunner has terminated.
Mono: successfully reloaded assembly
- Completed reload, in  1.218 seconds
Platform modules already initialized, skipping
Refreshing native plugins compatible for Editor in 0.53 ms, found 0 plugins.
Preloading 0 native plugins for Editor in 0.00 ms.
Unloading 1100 Unused Serialized files (Serialized files now loaded: 0)
System memory in use before: 56.6 MB.
System memory in use after: 56.7 MB.

Unloading 5 unused Assets to reduce memory usage. Loaded Objects now: 1550.
Total: 1.998500 ms (FindLiveObjects: 0.161100 ms CreateObjectMapping: 0.049700 ms MarkObjects: 1.720600 ms  DeleteObjects: 0.065600 ms)

========================================================================
Received Prepare
Registering precompiled user dll's ...
Registered in 0.001318 seconds.
Begin MonoManager ReloadAssembly
Native extension for WindowsStandalone target not found
Refreshing native plugins compatible for Editor in 1.01 ms, found 0 plugins.
Preloading 0 native plugins for Editor in 0.00 ms.
Invoked RoslynAnalysisRunner static constructor.
RoslynAnalysisRunner will not be running.
RoslynAnalysisRunner has terminated.
Mono: successfully reloaded assembly
- Completed reload, in  2.029 seconds
Platform modules already initialized, skipping
Refreshing native plugins compatible for Editor in 0.24 ms, found 0 plugins.
Preloading 0 native plugins for Editor in 0.00 ms.
Unloading 1100 Unused Serialized files (Serialized files now loaded: 0)
System memory in use before: 56.6 MB.
System memory in use after: 56.7 MB.

Unloading 5 unused Assets to reduce memory usage. Loaded Objects now: 1552.
Total: 3.042000 ms (FindLiveObjects: 0.231400 ms CreateObjectMapping: 0.093100 ms MarkObjects: 2.547100 ms  DeleteObjects: 0.168200 ms)

========================================================================
Received Import Request.
  Time since last request: 270.748292 seconds.
  path: Assets/scripts/linknode.cs
  artifactKey: Guid(09bb92e2791c19649b921d372ac3bdb6) Importer(815301076,1909f56bfc062723c751e8b465ee728b)
Start importing Assets/scripts/linknode.cs using Guid(09bb92e2791c19649b921d372ac3bdb6) Importer(815301076,1909f56bfc062723c751e8b465ee728b)  -> (artifact id: '60a915699d045467324ef1f09dfa1a12') in 0.006422 seconds
  Import took 0.009685 seconds .

