Using pre-set license
Built from '2020.2/staging' branch; Version is '2020.2.6f1 (8a2143876886) revision 9052483'; Using compiler version '192528614'; Build Type 'Release'
OS: 'Windows 10 Pro; OS build 19041.630; Version 2004; 64bit' Language: 'en' Physical Memory: 16334 MB
BatchMode: 1, IsHumanControllingUs: 0, StartBugReporterOnCrash: 0, Is64bit: 1, IsPro: 0

 COMMAND LINE ARGUMENTS:
C:\Program Files\Unity\Hub\Editor\2020.2.6f1\Editor\Unity.exe
-adb2
-batchMode
-noUpm
-name
AssetImportWorker0
-projectPath
C:/Users/NIKHEIL/Documents/GADE_TASK_1_2021/GAD_TASK1_2021
-logFile
Logs/AssetImportWorker0.log
-srvPort
57216
Successfully changed project path to: C:/Users/NIKHEIL/Documents/GADE_TASK_1_2021/GAD_TASK1_2021
C:/Users/NIKHEIL/Documents/GADE_TASK_1_2021/GAD_TASK1_2021
Using Asset Import Pipeline V2.
Refreshing native plugins compatible for Editor in 62.97 ms, found 0 plugins.
Preloading 0 native plugins for Editor in 0.00 ms.
Initialize engine version: 2020.2.6f1 (8a2143876886)
[Subsystems] Discovering subsystems at path C:/Program Files/Unity/Hub/Editor/2020.2.6f1/Editor/Data/Resources/UnitySubsystems
[Subsystems] Discovering subsystems at path C:/Users/NIKHEIL/Documents/GADE_TASK_1_2021/GAD_TASK1_2021/Assets
GfxDevice: creating device client; threaded=0
Direct3D:
    Version:  Direct3D 11.0 [level 11.1]
    Renderer: NVIDIA GeForce GTX 1060 3GB (ID=0x1c02)
    Vendor:   
    VRAM:     2988 MB
    Driver:   27.21.14.6647
Initialize mono
Mono path[0] = 'C:/Program Files/Unity/Hub/Editor/2020.2.6f1/Editor/Data/Managed'
Mono path[1] = 'C:/Program Files/Unity/Hub/Editor/2020.2.6f1/Editor/Data/MonoBleedingEdge/lib/mono/unityjit'
Mono config path = 'C:/Program Files/Unity/Hub/Editor/2020.2.6f1/Editor/Data/MonoBleedingEdge/etc'
Using monoOptions --debugger-agent=transport=dt_socket,embedding=1,server=y,suspend=n,address=127.0.0.1:56636
Begin MonoManager ReloadAssembly
Registering precompiled unity dll's ...
Register platform support module: C:/Program Files/Unity/Hub/Editor/2020.2.6f1/Editor/Data/PlaybackEngines/WindowsStandaloneSupport/UnityEditor.WindowsStandalone.Extensions.dll
Registered in 0.003095 seconds.
Native extension for WindowsStandalone target not found
Refreshing native plugins compatible for Editor in 31.42 ms, found 0 plugins.
Preloading 0 native plugins for Editor in 0.00 ms.
Invoked RoslynAnalysisRunner static constructor.
RoslynAnalysisRunner will not be running.
RoslynAnalysisRunner has terminated.
Mono: successfully reloaded assembly
- Completed reload, in  2.354 seconds
Platform modules already initialized, skipping
Registering precompiled user dll's ...
Registered in 0.000872 seconds.
Begin MonoManager ReloadAssembly
Native extension for WindowsStandalone target not found
Refreshing native plugins compatible for Editor in 0.25 ms, found 0 plugins.
Preloading 0 native plugins for Editor in 0.00 ms.
Invoked RoslynAnalysisRunner static constructor.
RoslynAnalysisRunner will not be running.
RoslynAnalysisRunner has terminated.
Mono: successfully reloaded assembly
- Completed reload, in  1.161 seconds
Platform modules already initialized, skipping
========================================================================
Worker process is ready to serve import requests
Launched and connected shader compiler UnityShaderCompiler.exe after 0.06 seconds
Refreshing native plugins compatible for Editor in 0.41 ms, found 0 plugins.
Preloading 0 native plugins for Editor in 0.00 ms.
Unloading 1123 Unused Serialized files (Serialized files now loaded: 0)
System memory in use before: 58.7 MB.
System memory in use after: 58.7 MB.

Unloading 10 unused Assets to reduce memory usage. Loaded Objects now: 1564.
Total: 4.171400 ms (FindLiveObjects: 0.287400 ms CreateObjectMapping: 0.059500 ms MarkObjects: 3.561500 ms  DeleteObjects: 0.257300 ms)

========================================================================
Received Import Request.
  path: Assets/NPc.mat
  artifactKey: Guid(bb0eefc277d93254a8bcde9f7717c5f8) Importer(815301076,1909f56bfc062723c751e8b465ee728b)
Start importing Assets/NPc.mat using Guid(bb0eefc277d93254a8bcde9f7717c5f8) Importer(815301076,1909f56bfc062723c751e8b465ee728b)  -> (artifact id: '5471f6d8d890d2f161cd4a8dd66a4ed8') in 0.800292 seconds
  Import took 0.806503 seconds .

========================================================================
Received Import Request.
  Time since last request: 0.001995 seconds.
  path: Assets/player.mat
  artifactKey: Guid(d5e38ac3786639648a8ec51c59e9ab0e) Importer(815301076,1909f56bfc062723c751e8b465ee728b)
Start importing Assets/player.mat using Guid(d5e38ac3786639648a8ec51c59e9ab0e) Importer(815301076,1909f56bfc062723c751e8b465ee728b)  -> (artifact id: '0028b1b9a687c0045ad56b9120dcaba9') in 0.015840 seconds
  Import took 0.021843 seconds .

========================================================================
Received Import Request.
  Time since last request: 0.000474 seconds.
  path: Assets/ground.mat
  artifactKey: Guid(e8aa32574a6163440aef28e79c5035c3) Importer(815301076,1909f56bfc062723c751e8b465ee728b)
Start importing Assets/ground.mat using Guid(e8aa32574a6163440aef28e79c5035c3) Importer(815301076,1909f56bfc062723c751e8b465ee728b)  -> (artifact id: '0c677f358b7e63dfa6a37908e65852da') in 0.011928 seconds
  Import took 0.018268 seconds .

========================================================================
Received Prepare
Registering precompiled user dll's ...
Registered in 0.000873 seconds.
Begin MonoManager ReloadAssembly
Native extension for WindowsStandalone target not found
Refreshing native plugins compatible for Editor in 0.28 ms, found 0 plugins.
Preloading 0 native plugins for Editor in 0.00 ms.
Invalid AssetDatabase path: /Editor/EditorResources/cm_logo_sm.png. Use path relative to the project folder.
UnityEngine.StackTraceUtility:ExtractStackTrace ()
UnityEditor.AssetDatabase:LoadAssetAtPath<UnityEngine.Texture2D> (string)
Cinemachine.Editor.CinemachineSettings:get_CinemachineLogoTexture () (at Library/PackageCache/com.unity.cinemachine@2.6.10/Editor/Windows/CinemachineSettings.cs:205)
Cinemachine.Editor.CinemachineSettings:.cctor () (at Library/PackageCache/com.unity.cinemachine@2.6.10/Editor/Windows/CinemachineSettings.cs:237)
Cinemachine.CinemachineColliderPrefs:.cctor () (at Library/PackageCache/com.unity.cinemachine@2.6.10/Editor/Windows/CinemachineColliderPrefs.cs:61)
System.Runtime.CompilerServices.RuntimeHelpers:RunClassConstructor (System.RuntimeTypeHandle)
UnityEditor.EditorAssemblies:ProcessInitializeOnLoadAttributes (System.Type[])

[Library/PackageCache/com.unity.cinemachine@2.6.10/Editor/Windows/CinemachineSettings.cs line 205]

Invoked RoslynAnalysisRunner static constructor.
RoslynAnalysisRunner will not be running.
RoslynAnalysisRunner has terminated.
Mono: successfully reloaded assembly
- Completed reload, in  1.080 seconds
Platform modules already initialized, skipping
Refreshing native plugins compatible for Editor in 0.79 ms, found 0 plugins.
Preloading 0 native plugins for Editor in 0.00 ms.
Unloading 1252 Unused Serialized files (Serialized files now loaded: 0)
System memory in use before: 65.9 MB.
System memory in use after: 65.9 MB.

Unloading 6 unused Assets to reduce memory usage. Loaded Objects now: 1752.
Total: 1.722200 ms (FindLiveObjects: 0.163400 ms CreateObjectMapping: 0.049400 ms MarkObjects: 1.426800 ms  DeleteObjects: 0.080800 ms)

========================================================================
Received Prepare
Registering precompiled user dll's ...
Registered in 0.001142 seconds.
Begin MonoManager ReloadAssembly
Native extension for WindowsStandalone target not found
Refreshing native plugins compatible for Editor in 0.56 ms, found 0 plugins.
Preloading 0 native plugins for Editor in 0.00 ms.
Invoked RoslynAnalysisRunner static constructor.
RoslynAnalysisRunner will not be running.
RoslynAnalysisRunner has terminated.
Mono: successfully reloaded assembly
- Completed reload, in  1.177 seconds
Platform modules already initialized, skipping
Refreshing native plugins compatible for Editor in 0.41 ms, found 0 plugins.
Preloading 0 native plugins for Editor in 0.00 ms.
Unloading 1253 Unused Serialized files (Serialized files now loaded: 0)
System memory in use before: 66.0 MB.
System memory in use after: 66.1 MB.

Unloading 7 unused Assets to reduce memory usage. Loaded Objects now: 1755.
Total: 2.419500 ms (FindLiveObjects: 0.265600 ms CreateObjectMapping: 0.057100 ms MarkObjects: 1.990100 ms  DeleteObjects: 0.104800 ms)

========================================================================
Received Import Request.
  Time since last request: 460.970071 seconds.
  path: Assets/scripts/groundcheck.cs
  artifactKey: Guid(7088132e50b142a4b906fb910136b373) Importer(815301076,1909f56bfc062723c751e8b465ee728b)
Start importing Assets/scripts/groundcheck.cs using Guid(7088132e50b142a4b906fb910136b373) Importer(815301076,1909f56bfc062723c751e8b465ee728b)  -> (artifact id: 'bf3fe32e03569fa8ffc0d9c00aa7cdba') in 0.011596 seconds
  Import took 0.018120 seconds .

========================================================================
Received Import Request.
  Time since last request: 0.004420 seconds.
  path: Assets/scripts/groundcheck.cs
  artifactKey: Guid(7088132e50b142a4b906fb910136b373) Importer(815301076,1909f56bfc062723c751e8b465ee728b)
Start importing Assets/scripts/groundcheck.cs using Guid(7088132e50b142a4b906fb910136b373) Importer(815301076,1909f56bfc062723c751e8b465ee728b)  -> (artifact id: 'bf3fe32e03569fa8ffc0d9c00aa7cdba') in 0.004292 seconds
  Import took 0.011213 seconds .

========================================================================
Received Prepare
Registering precompiled user dll's ...
Registered in 0.040550 seconds.
Begin MonoManager ReloadAssembly
Native extension for WindowsStandalone target not found
Refreshing native plugins compatible for Editor in 0.27 ms, found 0 plugins.
Preloading 0 native plugins for Editor in 0.00 ms.
Invoked RoslynAnalysisRunner static constructor.
RoslynAnalysisRunner will not be running.
RoslynAnalysisRunner has terminated.
Mono: successfully reloaded assembly
- Completed reload, in  1.620 seconds
Platform modules already initialized, skipping
Refreshing native plugins compatible for Editor in 0.31 ms, found 0 plugins.
Preloading 0 native plugins for Editor in 0.00 ms.
Unloading 1252 Unused Serialized files (Serialized files now loaded: 0)
System memory in use before: 66.0 MB.
System memory in use after: 66.0 MB.

Unloading 7 unused Assets to reduce memory usage. Loaded Objects now: 1757.
Total: 18.511700 ms (FindLiveObjects: 1.674200 ms CreateObjectMapping: 0.132400 ms MarkObjects: 16.553800 ms  DeleteObjects: 0.144000 ms)

========================================================================
Received Import Request.
  Time since last request: 55.664179 seconds.
  path: Assets/scripts/game_manager.cs
  artifactKey: Guid(ec656f0db09831e4db560986065f23d3) Importer(815301076,1909f56bfc062723c751e8b465ee728b)
Start importing Assets/scripts/game_manager.cs using Guid(ec656f0db09831e4db560986065f23d3) Importer(815301076,1909f56bfc062723c751e8b465ee728b)  -> (artifact id: 'b7506ab66ed08e3c460a41d6fbc475be') in 0.191372 seconds
  Import took 0.489922 seconds .

========================================================================
Received Import Request.
  Time since last request: 48.167552 seconds.
  path: Assets/scripts/JsonHelper.cs
  artifactKey: Guid(60dda0085f4d00146bd4b5143e24aaff) Importer(815301076,1909f56bfc062723c751e8b465ee728b)
Start importing Assets/scripts/JsonHelper.cs using Guid(60dda0085f4d00146bd4b5143e24aaff) Importer(815301076,1909f56bfc062723c751e8b465ee728b)  -> (artifact id: '317525ef94629ee7b083ac2941b0bc2d') in 0.004134 seconds
  Import took 0.010903 seconds .

========================================================================
Received Import Request.
  Time since last request: 120.746966 seconds.
  path: Assets/scripts/Linkedlist.cs
  artifactKey: Guid(9001ff6d7c5cc7145abe785631e90964) Importer(815301076,1909f56bfc062723c751e8b465ee728b)
Start importing Assets/scripts/Linkedlist.cs using Guid(9001ff6d7c5cc7145abe785631e90964) Importer(815301076,1909f56bfc062723c751e8b465ee728b)  -> (artifact id: '9e1f82ecad618d7a63e28a551db9be10') in 0.008666 seconds
  Import took 0.015933 seconds .

========================================================================
Received Import Request.
  Time since last request: 0.029029 seconds.
  path: Assets/scripts/Linkedlist.cs
  artifactKey: Guid(9001ff6d7c5cc7145abe785631e90964) Importer(815301076,1909f56bfc062723c751e8b465ee728b)
Start importing Assets/scripts/Linkedlist.cs using Guid(9001ff6d7c5cc7145abe785631e90964) Importer(815301076,1909f56bfc062723c751e8b465ee728b)  -> (artifact id: '9e1f82ecad618d7a63e28a551db9be10') in 0.004478 seconds
  Import took 0.010658 seconds .

========================================================================
Received Prepare
Registering precompiled user dll's ...
Registered in 0.001765 seconds.
Begin MonoManager ReloadAssembly
Native extension for WindowsStandalone target not found
Refreshing native plugins compatible for Editor in 0.28 ms, found 0 plugins.
Preloading 0 native plugins for Editor in 0.00 ms.
Invoked RoslynAnalysisRunner static constructor.
RoslynAnalysisRunner will not be running.
RoslynAnalysisRunner has terminated.
Mono: successfully reloaded assembly
- Completed reload, in  1.230 seconds
Platform modules already initialized, skipping
Refreshing native plugins compatible for Editor in 0.27 ms, found 0 plugins.
Preloading 0 native plugins for Editor in 0.00 ms.
Unloading 1252 Unused Serialized files (Serialized files now loaded: 0)
System memory in use before: 66.0 MB.
System memory in use after: 66.1 MB.

Unloading 7 unused Assets to reduce memory usage. Loaded Objects now: 1759.
Total: 2.028300 ms (FindLiveObjects: 0.171600 ms CreateObjectMapping: 0.052500 ms MarkObjects: 1.715200 ms  DeleteObjects: 0.086800 ms)

========================================================================
Received Import Request.
  Time since last request: 70.797155 seconds.
  path: Assets/scripts/Linkedlist.cs
  artifactKey: Guid(9001ff6d7c5cc7145abe785631e90964) Importer(815301076,1909f56bfc062723c751e8b465ee728b)
Start importing Assets/scripts/Linkedlist.cs using Guid(9001ff6d7c5cc7145abe785631e90964) Importer(815301076,1909f56bfc062723c751e8b465ee728b)  -> (artifact id: '998044f48fb5acdbebc158dc712ec058') in 0.007045 seconds
  Import took 0.013902 seconds .

========================================================================
Received Import Request.
  Time since last request: 2.487631 seconds.
  path: Assets/scripts/Linkedlist.cs
  artifactKey: Guid(9001ff6d7c5cc7145abe785631e90964) Importer(815301076,1909f56bfc062723c751e8b465ee728b)
Start importing Assets/scripts/Linkedlist.cs using Guid(9001ff6d7c5cc7145abe785631e90964) Importer(815301076,1909f56bfc062723c751e8b465ee728b)  -> (artifact id: '998044f48fb5acdbebc158dc712ec058') in 0.003082 seconds
  Import took 0.009763 seconds .

========================================================================
Received Prepare
Registering precompiled user dll's ...
Registered in 0.000944 seconds.
Begin MonoManager ReloadAssembly
Native extension for WindowsStandalone target not found
Refreshing native plugins compatible for Editor in 0.35 ms, found 0 plugins.
Preloading 0 native plugins for Editor in 0.00 ms.
Invoked RoslynAnalysisRunner static constructor.
RoslynAnalysisRunner will not be running.
RoslynAnalysisRunner has terminated.
Mono: successfully reloaded assembly
- Completed reload, in  1.361 seconds
Platform modules already initialized, skipping
Refreshing native plugins compatible for Editor in 0.60 ms, found 0 plugins.
Preloading 0 native plugins for Editor in 0.00 ms.
Unloading 1252 Unused Serialized files (Serialized files now loaded: 0)
System memory in use before: 66.0 MB.
System memory in use after: 66.1 MB.

Unloading 7 unused Assets to reduce memory usage. Loaded Objects now: 1761.
Total: 1.849800 ms (FindLiveObjects: 0.165200 ms CreateObjectMapping: 0.048500 ms MarkObjects: 1.559600 ms  DeleteObjects: 0.074900 ms)

========================================================================
Received Prepare
Registering precompiled user dll's ...
Registered in 0.001936 seconds.
Begin MonoManager ReloadAssembly
Native extension for WindowsStandalone target not found
Refreshing native plugins compatible for Editor in 0.82 ms, found 0 plugins.
Preloading 0 native plugins for Editor in 0.00 ms.
Invoked RoslynAnalysisRunner static constructor.
RoslynAnalysisRunner will not be running.
RoslynAnalysisRunner has terminated.
Mono: successfully reloaded assembly
- Completed reload, in  1.180 seconds
Platform modules already initialized, skipping
Refreshing native plugins compatible for Editor in 0.81 ms, found 0 plugins.
Preloading 0 native plugins for Editor in 0.00 ms.
Unloading 1252 Unused Serialized files (Serialized files now loaded: 0)
System memory in use before: 66.0 MB.
System memory in use after: 66.1 MB.

Unloading 7 unused Assets to reduce memory usage. Loaded Objects now: 1763.
Total: 3.040900 ms (FindLiveObjects: 0.243500 ms CreateObjectMapping: 0.063800 ms MarkObjects: 2.613100 ms  DeleteObjects: 0.115800 ms)

========================================================================
Received Import Request.
  Time since last request: 592.932833 seconds.
  path: Assets/TextDocuments/Dialogue.json
  artifactKey: Guid(0284a82b35377de4485251db8e763679) Importer(815301076,1909f56bfc062723c751e8b465ee728b)
Start importing Assets/TextDocuments/Dialogue.json using Guid(0284a82b35377de4485251db8e763679) Importer(815301076,1909f56bfc062723c751e8b465ee728b)  -> (artifact id: '53905982591ef4b7799547e677421574') in 0.021228 seconds
  Import took 0.029377 seconds .

========================================================================
Received Import Request.
  Time since last request: 0.002061 seconds.
  path: Assets/TextDocuments/Dialogue.json
  artifactKey: Guid(0284a82b35377de4485251db8e763679) Importer(815301076,1909f56bfc062723c751e8b465ee728b)
Start importing Assets/TextDocuments/Dialogue.json using Guid(0284a82b35377de4485251db8e763679) Importer(815301076,1909f56bfc062723c751e8b465ee728b)  -> (artifact id: '53905982591ef4b7799547e677421574') in 0.004282 seconds
  Import took 0.011739 seconds .

========================================================================
Received Import Request.
  Time since last request: 549.691154 seconds.
  path: Assets/prefabs
  artifactKey: Guid(238d6c5253b3ad04e8b27fd007d83765) Importer(815301076,1909f56bfc062723c751e8b465ee728b)
Start importing Assets/prefabs using Guid(238d6c5253b3ad04e8b27fd007d83765) Importer(815301076,1909f56bfc062723c751e8b465ee728b)  -> (artifact id: '12f1e32990fc6729e7f5d98b136be788') in 0.028431 seconds
  Import took 0.035415 seconds .

========================================================================
Received Import Request.
  Time since last request: 2.330531 seconds.
  path: Assets/prefabs/grabber.prefab
  artifactKey: Guid(180e6e69fd058ab48adc2a4a0db72e52) Importer(815301076,1909f56bfc062723c751e8b465ee728b)
Start importing Assets/prefabs/grabber.prefab using Guid(180e6e69fd058ab48adc2a4a0db72e52) Importer(815301076,1909f56bfc062723c751e8b465ee728b)  -> (artifact id: '523df08ea447f9f5518a9c7fa7dfddf5') in 0.085598 seconds
  Import took 0.091201 seconds .

========================================================================
Received Import Request.
  Time since last request: 0.004437 seconds.
  path: Assets/prefabs/grabber.prefab
  artifactKey: Guid(180e6e69fd058ab48adc2a4a0db72e52) Importer(815301076,1909f56bfc062723c751e8b465ee728b)
Start importing Assets/prefabs/grabber.prefab using Guid(180e6e69fd058ab48adc2a4a0db72e52) Importer(815301076,1909f56bfc062723c751e8b465ee728b)  -> (artifact id: '523df08ea447f9f5518a9c7fa7dfddf5') in 0.068112 seconds
  Import took 0.073754 seconds .

AssetImportWorkerClient::OnTransportError - code=2 error=End of file
